[debug] [2022-04-02T09:09:45.720Z] ----------------------------------------------------------------------
[debug] [2022-04-02T09:09:45.724Z] Command:       C:\Program Files\nodejs\node.exe C:\Users\L2S\AppData\Roaming\npm\node_modules\firebase-tools\lib\bin\firebase.js init hosting
[debug] [2022-04-02T09:09:45.725Z] CLI Version:   10.5.0
[debug] [2022-04-02T09:09:45.725Z] Platform:      win32
[debug] [2022-04-02T09:09:45.725Z] Node Version:  v16.14.2
[debug] [2022-04-02T09:09:45.735Z] Time:          Sat Apr 02 2022 14:39:45 GMT+0530 (India Standard Time)
[debug] [2022-04-02T09:09:45.735Z] ----------------------------------------------------------------------
[debug] 
[debug] [2022-04-02T09:09:45.880Z] > command requires scopes: ["email","openid","https://www.googleapis.com/auth/cloudplatformprojects.readonly","https://www.googleapis.com/auth/firebase","https://www.googleapis.com/auth/cloud-platform"]
[debug] [2022-04-02T09:09:45.881Z] > authorizing via signed-in user (rathodlokendar@gmail.com)
[info] 
     ######## #### ########  ######## ########     ###     ######  ########
     ##        ##  ##     ## ##       ##     ##  ##   ##  ##       ##
     ######    ##  ########  ######   ########  #########  ######  ######
     ##        ##  ##    ##  ##       ##     ## ##     ##       ## ##
     ##       #### ##     ## ######## ########  ##     ##  ######  ########

You're about to initialize a Firebase project in this directory:

  C:\Users\L2S\Documents\rathodloki.github.io

Before we get started, keep in mind:

  * You are initializing within an existing Firebase project directory

[info] 
=== Project Setup
[info] 
[info] First, let's associate this project directory with a Firebase project.
[info] You can create multiple project aliases by running firebase use --add, 
[info] but for now we'll just set up a default project.
[info] 
[debug] [2022-04-02T09:10:51.378Z] Using project from CLI flag: rathodloki-76b40
[debug] [2022-04-02T09:10:51.386Z] >>> [apiv2][query] GET https://firebase.googleapis.com/v1beta1/projects/rathodloki-76b40 [none]
[debug] [2022-04-02T09:10:52.058Z] <<< [apiv2][status] GET https://firebase.googleapis.com/v1beta1/projects/rathodloki-76b40 200
[debug] [2022-04-02T09:10:52.059Z] <<< [apiv2][body] GET https://firebase.googleapis.com/v1beta1/projects/rathodloki-76b40 {"projectId":"rathodloki-76b40","projectNumber":"344910273187","displayName":"rathodloki","name":"projects/rathodloki-76b40","resources":{"hostingSite":"rathodloki-76b40"},"state":"ACTIVE"}
[info] i  Using project rathodloki-76b40 (rathodloki) 
[info] 
=== Hosting Setup
[info] 
[info] Your public directory is the folder (relative to your project directory) that
[info] will contain Hosting assets to be uploaded with firebase deploy. If you
[info] have a build process for your assets, use your build's output directory.
[info] 
